SF:AstroBase/src\AstroBase.jl
DA:124,3
DA:125,3
LH:2
LF:2
end_of_record
SF:AstroStates/src\AstroStates.jl
DA:45,40003
DA:46,452
DA:47,24
DA:48,81
DA:49,30
DA:50,30
DA:51,45
DA:52,84
DA:53,30
DA:54,24
DA:105,12963
DA:106,12963
DA:107,12963
DA:111,9
DA:112,9
DA:113,9
DA:114,9
DA:115,9
DA:116,9
DA:117,9
DA:118,9
DA:119,9
DA:143,497
DA:151,6
DA:152,6
DA:153,6
DA:154,6
DA:155,6
DA:156,6
DA:157,6
DA:158,6
DA:182,408
DA:190,6
DA:191,6
DA:192,6
DA:193,6
DA:194,6
DA:195,6
DA:196,6
DA:197,6
DA:221,96
DA:229,6
DA:230,6
DA:231,6
DA:232,6
DA:233,6
DA:234,6
DA:235,6
DA:236,6
DA:260,84
DA:268,6
DA:269,6
DA:270,6
DA:271,6
DA:272,6
DA:273,6
DA:274,6
DA:275,6
DA:295,102
DA:303,6
DA:304,6
DA:305,6
DA:306,6
DA:307,6
DA:308,6
DA:309,6
DA:310,6
DA:330,138
DA:338,6
DA:339,6
DA:340,6
DA:341,6
DA:342,6
DA:343,6
DA:344,6
DA:345,6
DA:366,84
DA:374,6
DA:375,6
DA:376,6
DA:377,6
DA:378,6
DA:379,6
DA:380,6
DA:381,6
DA:402,54
DA:410,6
DA:411,6
DA:412,6
DA:413,6
DA:414,6
DA:415,6
DA:416,6
DA:417,6
DA:438,54
DA:446,6
DA:447,6
DA:448,6
DA:449,6
DA:450,6
DA:451,6
DA:452,6
DA:453,6
DA:467,6
DA:468,6
DA:469,6
DA:470,6
DA:471,6
DA:472,6
DA:473,6
DA:474,6
DA:475,6
DA:476,6
DA:479,207
DA:480,18
DA:481,12
DA:482,69
DA:483,18
DA:484,18
DA:485,18
DA:486,24
DA:487,18
DA:488,12
DA:489,384
DA:498,848
DA:499,848
DA:501,219
DA:502,594
DA:504,477
DA:505,2142
DA:507,186
DA:508,426
DA:510,189
DA:511,444
DA:513,225
DA:514,600
DA:516,186
DA:517,426
DA:519,216
DA:520,576
DA:522,111
DA:523,246
DA:525,111
DA:526,246
DA:528,36
DA:529,36
DA:531,3
DA:532,3
DA:542,9
DA:543,3
DA:544,9
DA:545,9
DA:546,3
DA:547,9
DA:548,9
DA:549,9
DA:550,9
DA:551,9
DA:552,3
DA:553,6
DA:554,3
DA:555,6
DA:556,3
DA:559,6
DA:560,48
DA:561,3
DA:562,3
DA:564,6
DA:566,207
DA:567,18
DA:568,18
DA:569,18
DA:570,30
DA:571,6
DA:573,6
DA:579,9
DA:580,9
DA:581,9
DA:583,6
DA:585,6
DA:586,422
DA:587,99
DA:588,3
DA:590,3
DA:592,6
DA:593,6
DA:594,6
DA:596,6
DA:602,246
DA:603,246
DA:604,246
DA:606,243
DA:607,111
DA:608,6
DA:609,6
DA:610,6
DA:611,3
DA:613,3
DA:615,24
DA:616,6
DA:618,6
DA:619,9
DA:621,9
DA:627,27
DA:628,27
DA:629,27
DA:631,24
DA:632,24
DA:633,6
DA:634,6
DA:635,6
DA:636,3
DA:638,3
DA:640,6
DA:641,6
DA:643,6
DA:644,6
DA:646,6
DA:652,9
DA:653,9
DA:654,9
DA:656,6
DA:658,30
DA:659,3
DA:661,3
DA:663,6
DA:664,6
DA:666,6
DA:667,6
DA:668,6
DA:670,6
DA:676,9
DA:677,9
DA:678,9
DA:680,6
DA:681,6
DA:683,3
DA:685,3
DA:687,6
DA:689,6
DA:691,21
DA:693,6
DA:695,6
DA:697,6
DA:703,33
DA:704,33
DA:705,33
DA:707,30
DA:709,6
DA:711,3
DA:713,3
DA:715,6
DA:717,6
DA:719,21
DA:721,6
DA:723,6
DA:725,6
DA:731,9
DA:732,9
DA:733,9
DA:735,6
DA:736,6
DA:737,24
DA:738,3
DA:740,3
DA:742,6
DA:743,6
DA:744,6
DA:745,6
DA:747,6
DA:753,12
DA:754,12
DA:755,12
DA:757,6
DA:759,3
DA:760,15
DA:761,3
DA:763,3
DA:764,3
DA:766,3
DA:767,3
DA:768,3
DA:770,3
DA:776,12
DA:777,12
DA:778,12
DA:780,6
DA:782,3
DA:783,15
DA:784,3
DA:786,3
DA:788,3
DA:790,3
DA:791,3
DA:792,3
DA:794,3
DA:801,6
DA:802,3
DA:803,3
DA:804,3
DA:805,3
DA:806,3
DA:807,3
DA:808,3
DA:809,3
DA:810,3
LH:306
LF:306
end_of_record
SF:AstroStates/src\alt_equinoctial_to_equinoctial.jl
DA:41,54
DA:42,27
DA:43,0
DA:46,27
DA:49,54
DA:51,27
DA:52,0
DA:53,0
DA:56,27
DA:57,27
DA:59,27
LH:8
LF:11
end_of_record
SF:AstroStates/src\cart_to_equinoctial.jl
DA:40,96
DA:41,48
DA:42,0
DA:45,96
DA:46,96
DA:48,48
DA:49,48
DA:51,48
DA:52,0
DA:53,0
DA:55,48
DA:56,0
DA:57,0
DA:61,48
DA:62,48
DA:63,48
DA:64,0
DA:65,0
DA:69,48
DA:70,48
DA:72,48
DA:73,0
DA:74,0
DA:78,48
DA:79,48
DA:80,48
DA:82,48
DA:83,0
DA:84,0
DA:88,48
DA:89,48
DA:90,144
DA:95,48
DA:96,48
DA:97,48
DA:100,48
DA:101,48
DA:102,48
DA:103,48
DA:106,48
DA:107,48
DA:108,48
DA:109,48
DA:111,48
DA:112,48
DA:113,48
DA:114,48
DA:116,48
DA:118,48
LH:38
LF:49
end_of_record
SF:AstroStates/src\cart_to_inasymptote.jl
DA:38,126
DA:39,63
DA:40,0
DA:44,126
DA:45,126
DA:48,63
DA:49,63
DA:50,63
DA:51,63
DA:54,126
DA:55,0
DA:56,0
DA:58,63
DA:59,0
DA:60,0
DA:64,126
DA:65,63
DA:66,63
DA:67,0
DA:68,0
DA:72,63
DA:73,126
DA:74,0
DA:75,0
DA:79,63
DA:80,63
DA:81,63
DA:82,0
DA:83,0
DA:87,63
DA:88,63
DA:89,27
DA:91,36
DA:95,189
DA:96,126
DA:97,63
DA:98,0
DA:99,0
DA:103,63
DA:104,63
DA:105,63
DA:106,63
DA:107,63
DA:108,63
DA:109,63
DA:112,63
DA:113,63
DA:114,63
DA:117,126
DA:118,63
DA:120,63
LH:38
LF:51
end_of_record
SF:AstroStates/src\cart_to_kep.jl
DA:36,1390
DA:37,695
DA:38,6
DA:41,689
DA:42,3
DA:43,3
DA:47,1372
DA:48,1372
DA:49,686
DA:52,686
DA:53,686
DA:54,1369
DA:55,6
DA:56,6
DA:60,680
DA:61,680
DA:62,680
DA:63,680
DA:64,3
DA:65,3
DA:69,1354
DA:72,2031
DA:73,677
DA:74,677
DA:77,677
DA:78,677
DA:79,677
DA:82,677
DA:83,671
DA:84,671
DA:86,6
DA:87,6
DA:91,677
DA:93,15
DA:94,30
DA:95,15
DA:96,30
DA:97,15
DA:98,662
DA:100,6
DA:101,3
DA:102,3
DA:103,6
DA:104,3
DA:105,659
DA:107,3
DA:108,3
DA:109,6
DA:110,3
DA:113,1312
DA:114,656
DA:115,1312
DA:116,656
DA:117,1294
DA:118,656
DA:121,677
LH:56
LF:56
end_of_record
SF:AstroStates/src\cart_to_mee.jl
DA:27,138
DA:28,69
DA:29,6
DA:33,129
DA:34,3
DA:38,120
DA:39,120
DA:40,60
DA:43,60
DA:44,60
DA:47,60
DA:48,60
DA:49,9
DA:50,9
DA:52,57
DA:53,57
DA:57,60
DA:60,60
DA:61,60
DA:62,3
DA:66,57
DA:67,57
DA:68,3
DA:69,3
DA:73,54
DA:74,54
DA:75,54
DA:76,162
DA:77,54
DA:80,54
DA:81,54
DA:82,54
DA:83,54
DA:86,54
DA:87,54
DA:88,102
DA:90,54
LH:37
LF:37
end_of_record
SF:AstroStates/src\cart_to_outasymptote.jl
DA:38,132
DA:39,66
DA:40,0
DA:44,132
DA:45,132
DA:48,66
DA:49,66
DA:50,66
DA:51,66
DA:54,132
DA:55,0
DA:56,0
DA:58,66
DA:59,0
DA:60,0
DA:64,132
DA:65,66
DA:66,66
DA:67,0
DA:68,0
DA:72,66
DA:73,132
DA:74,0
DA:75,0
DA:79,66
DA:80,66
DA:81,66
DA:82,0
DA:83,0
DA:87,66
DA:88,66
DA:89,24
DA:91,42
DA:95,198
DA:96,132
DA:97,66
DA:98,0
DA:99,0
DA:103,66
DA:104,66
DA:105,66
DA:106,66
DA:107,66
DA:108,66
DA:109,66
DA:112,66
DA:113,66
DA:114,66
DA:117,132
DA:118,66
DA:120,66
LH:38
LF:51
end_of_record
SF:AstroStates/src\cart_to_sphazfpa.jl
DA:37,144
DA:38,72
DA:39,3
DA:42,138
DA:43,138
DA:45,69
DA:46,69
DA:47,3
DA:48,3
DA:51,66
DA:52,66
DA:53,3
DA:54,3
DA:57,63
DA:58,63
DA:59,126
DA:62,189
DA:63,189
DA:64,189
DA:66,126
DA:68,126
DA:69,63
DA:71,63
LH:23
LF:23
end_of_record
SF:AstroStates/src\cart_to_sphradec.jl
DA:36,330
DA:37,165
DA:38,3
DA:42,162
DA:45,162
DA:46,162
DA:47,3
DA:48,3
DA:52,159
DA:53,159
DA:56,159
DA:57,159
DA:58,3
DA:59,3
DA:63,156
DA:64,156
DA:66,156
LH:17
LF:17
end_of_record
SF:AstroStates/src\equinoctial_to_alt_equinoctial.jl
DA:41,54
DA:42,27
DA:43,0
DA:46,27
DA:49,27
DA:51,27
DA:52,0
DA:53,0
DA:56,27
DA:57,27
DA:59,27
LH:8
LF:11
end_of_record
SF:AstroStates/src\equinoctial_to_cart.jl
DA:38,96
DA:39,48
DA:40,0
DA:43,48
DA:44,48
DA:46,48
DA:47,0
DA:48,0
DA:52,48
DA:53,48
DA:54,48
DA:55,192
DA:56,192
DA:57,192
DA:58,192
DA:59,192
DA:60,48
DA:61,48
DA:63,144
DA:65,48
DA:66,0
DA:67,0
DA:70,48
DA:73,48
DA:74,48
DA:75,48
DA:76,48
DA:77,48
DA:79,48
DA:80,0
DA:81,0
DA:85,48
DA:86,48
DA:88,48
DA:89,48
DA:92,48
DA:98,48
DA:100,144
DA:101,144
DA:104,48
DA:105,48
DA:107,48
LH:35
LF:42
end_of_record
SF:AstroStates/src\inasymptote_to_kep.jl
DA:37,102
DA:38,51
DA:39,0
DA:43,51
DA:46,51
DA:49,51
DA:52,51
DA:53,0
DA:54,0
DA:56,51
DA:57,0
DA:58,0
DA:62,153
DA:65,153
DA:66,153
DA:69,51
DA:70,0
DA:71,0
DA:75,51
DA:76,51
DA:79,51
DA:80,51
DA:83,102
DA:86,51
DA:87,51
DA:90,51
DA:92,27
DA:95,48
DA:96,24
DA:97,24
DA:101,51
DA:103,51
DA:104,0
DA:105,0
DA:109,102
DA:110,51
DA:113,102
DA:114,51
DA:116,0
DA:118,0
DA:119,0
DA:120,0
DA:122,0
DA:124,0
DA:125,0
DA:126,0
DA:131,51
LH:30
LF:47
end_of_record
SF:AstroStates/src\kep_to_cart.jl
DA:42,1272
DA:43,636
DA:44,6
DA:47,630
DA:48,3
DA:49,3
DA:53,627
DA:56,627
DA:59,1251
DA:60,3
DA:61,3
DA:65,624
DA:68,624
DA:69,1872
DA:70,1872
DA:73,624
DA:74,624
DA:75,624
DA:78,624
DA:85,1248
DA:86,1248
DA:88,624
LH:22
LF:22
end_of_record
SF:AstroStates/src\kep_to_modkep.jl
DA:36,96
DA:37,48
DA:38,0
DA:41,48
DA:44,48
DA:45,0
DA:46,0
DA:48,48
DA:49,0
DA:50,0
DA:54,48
DA:55,0
DA:56,0
DA:57,48
DA:58,0
DA:59,0
DA:62,48
DA:63,48
DA:66,48
DA:67,0
DA:68,0
DA:71,48
LH:11
LF:22
end_of_record
SF:AstroStates/src\mee_to_cart.jl
DA:27,138
DA:28,69
DA:29,6
DA:33,63
DA:36,129
DA:37,3
DA:41,60
DA:42,3
DA:46,57
DA:49,57
DA:50,57
DA:53,57
DA:54,3
DA:55,3
DA:57,54
DA:58,54
DA:62,57
DA:63,57
DA:65,114
DA:66,114
DA:69,57
DA:70,57
DA:72,57
LH:23
LF:23
end_of_record
SF:AstroStates/src\modkep_to_kep.jl
DA:36,96
DA:37,48
DA:38,0
DA:41,48
DA:44,48
DA:45,0
DA:46,0
DA:48,48
DA:49,0
DA:50,0
DA:52,96
DA:53,0
DA:54,0
DA:58,48
DA:59,48
DA:60,48
DA:62,48
LH:10
LF:17
end_of_record
SF:AstroStates/src\orbit_state.jl
DA:33,13001
DA:40,33
DA:41,33
DA:42,33
DA:43,33
DA:44,33
DA:48,31
DA:49,31
DA:50,31
DA:51,31
DA:55,0
DA:58,12
DA:59,12
DA:61,9
DA:62,9
DA:64,3
DA:65,3
DA:67,9
DA:68,9
DA:70,9
DA:71,9
DA:73,9
DA:74,9
DA:76,9
DA:77,9
DA:79,9
DA:80,9
DA:82,9
DA:83,9
DA:86,3
DA:87,3
DA:91,198
DA:92,72
DA:93,378
DA:94,72
DA:95,72
DA:96,72
DA:97,108
DA:98,72
DA:99,36
DA:100,36
DA:132,351
DA:133,351
DA:134,1116
DA:135,351
DA:163,48
LH:45
LF:46
end_of_record
SF:AstroStates/src\outasymptote_to_kep.jl
DA:37,132
DA:38,66
DA:39,3
DA:43,63
DA:46,63
DA:49,63
DA:52,63
DA:53,3
DA:54,3
DA:56,60
DA:57,0
DA:58,0
DA:62,180
DA:65,180
DA:66,180
DA:69,60
DA:70,3
DA:71,3
DA:75,57
DA:76,57
DA:79,57
DA:80,57
DA:83,114
DA:86,57
DA:87,57
DA:90,57
DA:92,33
DA:95,48
DA:96,24
DA:97,24
DA:101,57
DA:103,54
DA:104,0
DA:105,0
DA:109,108
DA:110,54
DA:113,108
DA:114,54
DA:116,3
DA:118,3
DA:119,6
DA:120,3
DA:122,0
DA:124,0
DA:125,0
DA:126,0
DA:131,57
LH:39
LF:47
end_of_record
SF:AstroStates/src\sphazfpa_to_cart.jl
DA:36,66
DA:37,66
DA:38,3
DA:41,63
DA:44,63
DA:45,63
DA:46,63
DA:47,63
DA:50,63
DA:51,63
DA:52,63
DA:55,63
DA:57,63
DA:59,63
DA:61,63
LH:15
LF:15
end_of_record
SF:AstroStates/src\sphradec_to_cart.jl
DA:53,285
DA:54,285
DA:55,3
DA:58,282
DA:61,282
DA:62,282
DA:63,282
DA:66,282
DA:67,282
DA:68,282
DA:70,282
LH:11
LF:11
end_of_record
SF:AstroEpochs/src\AstroEpochs.jl
DA:52,27
DA:53,110886
DA:54,45
DA:55,15
DA:56,15
DA:57,273
DA:59,110889
DA:60,27
DA:61,315
DA:76,12
DA:77,9
DA:78,9
DA:79,9
DA:80,9
DA:81,21
DA:83,12
DA:84,15
DA:85,21
DA:92,63
DA:193,2444220
DA:194,2444238
DA:195,2444247
DA:196,2444244
DA:197,2444259
DA:206,3
DA:207,3
DA:208,3
DA:216,12
DA:217,12
DA:218,12
DA:219,18
DA:220,6
DA:221,18
DA:222,6
DA:223,15
DA:224,3
DA:225,15
DA:226,3
DA:227,12
DA:231,12
DA:239,110874
DA:240,110874
DA:241,110874
DA:242,110874
DA:243,110868
DA:251,336
DA:253,336
DA:254,336
DA:255,336
DA:257,333
DA:258,312
DA:260,312
DA:261,312
DA:269,33
DA:278,110850
DA:286,3
DA:287,27
DA:288,27
DA:290,6
DA:299,15
DA:300,24
DA:301,30
DA:303,6
DA:312,291
DA:320,12
DA:321,12
DA:322,3
DA:323,9
DA:324,3
DA:325,6
DA:326,6
DA:328,27
DA:331,12
DA:332,12
DA:334,12
DA:336,12
DA:337,18
DA:339,12
DA:342,12
DA:343,18
DA:344,12
DA:345,12
DA:353,9
DA:354,9
DA:362,2555427
DA:363,5110884
DA:364,3
DA:365,3
DA:374,2555430
DA:375,5110890
DA:376,3
DA:377,3
DA:386,111213
DA:387,111213
DA:388,339
DA:389,6
DA:391,110901
DA:392,110871
DA:393,3
DA:396,3
DA:446,13777454
DA:449,13777562
DA:450,3444880
DA:451,10332682
DA:452,3444588
DA:453,9110512
DA:454,4665715
DA:458,2222400
DA:459,36
DA:460,2222364
DA:461,1111272
DA:462,1111092
DA:463,48
DA:467,2222088
DA:468,1111041
DA:469,1111047
DA:473,3
DA:482,48
DA:483,48
DA:491,36
DA:492,36
DA:493,36
DA:494,36
DA:495,36
DA:503,110868
DA:504,110868
DA:505,110868
DA:506,110847
DA:507,110847
DA:508,110847
DA:509,110847
DA:510,21
DA:511,21
DA:512,21
DA:513,21
DA:514,21
DA:526,4777000
DA:527,4777036
DA:528,4777036
DA:532,4827183
DA:533,50147
DA:534,50147
DA:535,50147
DA:536,4777039
DA:537,3
DA:538,3
DA:539,3
DA:541,4777054
DA:549,3
DA:556,9
DA:557,9
DA:558,3
DA:560,6
DA:561,3
DA:563,3
DA:571,6
DA:572,6
DA:573,6
DA:581,1110556
DA:583,1110568
DA:584,1110565
DA:585,1110565
DA:586,1110565
DA:594,3
DA:595,3
DA:603,24
DA:604,27
DA:605,24
DA:606,18
DA:607,18
DA:608,18
DA:609,18
DA:610,18
DA:611,18
DA:619,1110699
DA:620,1110711
DA:621,18
DA:622,1110693
DA:623,1110589
DA:624,104
DA:626,58
DA:627,58
DA:628,46
DA:629,40
DA:630,6
DA:631,3
DA:633,9
DA:634,3
DA:643,1111029
DA:644,1111041
DA:646,1110693
DA:647,1110687
DA:648,2221386
DA:649,1110693
DA:650,1110699
DA:654,1110705
DA:655,4442746
DA:656,2221373
DA:657,2221379
DA:658,2221379
DA:659,2221385
DA:660,2221385
DA:661,3332047
DA:663,1110693
DA:672,333
DA:674,333
DA:675,333
DA:676,6
DA:679,327
DA:680,327
DA:681,327
DA:682,327
DA:683,327
DA:684,327
DA:687,327
DA:688,3
DA:690,324
DA:691,3
DA:693,321
DA:694,3
DA:696,318
DA:697,3
DA:699,315
DA:700,3
DA:703,312
DA:711,312
DA:713,312
DA:714,312
DA:716,312
LH:229
LF:229
end_of_record
SF:AstroUniverse/src\AstroUniverse.jl
DA:30,4
DA:32,4
DA:35,4
DA:37,4
DA:46,8
DA:47,8
DA:48,8
DA:49,0
DA:50,0
DA:52,8
DA:112,78
DA:119,147
DA:120,15
DA:122,117
DA:123,15
DA:125,87
DA:126,15
DA:128,33
DA:137,57
DA:144,36
DA:145,57
DA:156,42
DA:163,21
DA:164,21
DA:172,6
DA:173,6
DA:174,6
DA:175,6
DA:176,6
DA:177,6
DA:178,6
DA:186,3
DA:187,3
DA:282,1348914
DA:283,1348914
DA:284,1348914
DA:285,1348914
DA:293,24
DA:300,27
DA:302,48
DA:303,12
DA:306,15
DA:307,15
LH:41
LF:43
end_of_record
SF:AstroCoords/src\AstroCoords.jl
DA:21,252
DA:23,199
DA:24,57
DA:27,267
DA:32,6
DA:40,3
DA:41,3
DA:42,3
DA:43,3
DA:44,3
DA:46,3
DA:47,3
DA:48,3
DA:49,3
DA:51,3
DA:55,0
DA:56,0
LH:15
LF:17
end_of_record
SF:AstroModels/src\AstroModels.jl
LH:0
LF:0
end_of_record
SF:AstroModels/src\spacecraft.jl
DA:36,286
DA:49,566
DA:57,566
DA:65,568
DA:68,283
DA:69,283
DA:70,283
DA:73,283
DA:74,849
DA:75,1130
DA:77,283
DA:80,283
DA:83,283
DA:86,283
DA:88,283
DA:91,283
DA:95,283
DA:108,566
DA:114,283
DA:122,3
DA:123,3
DA:124,3
DA:125,3
DA:126,3
DA:127,3
DA:135,9
DA:137,9
DA:138,9
DA:139,48
DA:140,48
DA:148,31
DA:149,31
DA:184,108
DA:187,108
DA:190,108
DA:191,108
DA:194,108
DA:195,9
DA:199,99
DA:200,99
DA:202,60
DA:203,60
DA:204,60
DA:205,57
DA:207,3
DA:208,3
DA:248,2620
DA:251,2620
DA:252,2617
DA:256,3
DA:292,12538
DA:295,12538
DA:296,3
DA:300,12535
DA:302,12532
DA:303,25061
DA:304,12532
DA:308,3
DA:330,947
DA:332,889723
DA:334,888776
DA:335,888746
DA:337,30
DA:338,30
DA:341,0
DA:346,947
DA:349,947
DA:350,947
DA:376,3
DA:378,3
DA:381,3
DA:385,3
DA:389,3
DA:392,3
LH:73
LF:74
end_of_record
SF:AstroMan/src\AstroMan.jl
DA:75,243
DA:76,291
DA:77,252
DA:86,243
DA:87,576
DA:88,3
DA:89,3
DA:91,246
DA:92,6
DA:94,240
DA:95,6
DA:97,231
DA:105,462
DA:114,222
DA:115,225
DA:123,3
DA:124,3
DA:125,3
DA:126,3
DA:127,3
DA:128,3
DA:129,3
DA:130,3
DA:144,6
DA:151,588
DA:152,588
DA:160,6
DA:161,6
DA:162,6
DA:170,594
DA:171,594
DA:172,594
DA:173,594
DA:174,1782
DA:175,1188
DA:176,594
DA:189,597
DA:190,1194
DA:191,1194
DA:192,597
DA:193,597
DA:194,1194
DA:195,3
DA:197,594
DA:198,594
DA:199,594
DA:200,594
DA:201,594
DA:202,594
DA:203,594
DA:211,603
DA:212,609
DA:213,612
DA:214,612
DA:215,612
DA:216,609
DA:220,612
DA:228,594
DA:229,594
DA:230,594
DA:231,594
DA:284,594
DA:285,1188
DA:286,594
DA:287,1188
DA:288,594
DA:289,594
DA:290,594
DA:291,594
DA:299,594
DA:300,594
DA:301,594
DA:302,594
DA:324,24
DA:325,24
LH:75
LF:75
end_of_record
SF:AstroFun/src\AstroFun.jl
DA:77,147
DA:87,294
DA:110,18
DA:147,150
DA:181,52
DA:182,108
DA:183,6
DA:192,21
DA:193,126
DA:200,3
DA:201,3
DA:202,3
DA:211,389
DA:212,389
DA:213,389
DA:214,389
DA:215,386
DA:218,3
DA:230,12399
DA:232,12399
DA:233,12399
DA:234,12399
DA:246,3
DA:254,12462
DA:259,12462
DA:262,12462
DA:267,464
DA:268,464
DA:270,389
DA:271,389
DA:272,389
DA:273,3
DA:274,6
DA:279,3
DA:281,386
DA:283,0
DA:293,12399
DA:298,12399
DA:306,12393
DA:307,12393
DA:308,12393
DA:309,12393
DA:310,12393
DA:313,12390
DA:341,12339
DA:343,12339
DA:345,15023
DA:353,642
DA:355,642
DA:356,6
DA:360,636
DA:390,54
DA:392,54
DA:394,63
DA:396,54
DA:398,294
DA:399,54
DA:408,33
DA:409,183
DA:440,582
DA:450,0
DA:451,0
DA:494,70
DA:501,70
DA:502,137
DA:503,3
DA:508,67
DA:517,67
DA:520,73
DA:526,73
DA:527,70
DA:528,70
DA:529,70
DA:531,70
DA:542,128
DA:546,64
DA:553,640
DA:554,1005
DA:555,640
DA:556,634
DA:557,6
DA:558,3
DA:560,3
LH:80
LF:83
end_of_record
SF:AstroFun/src\bodycalc_gravparam.jl
DA:20,21
DA:23,21
DA:25,9
DA:26,9
DA:27,9
DA:28,9
LH:6
LF:6
end_of_record
SF:AstroFun/src\maneuvercalc_deltavmag.jl
DA:20,21
DA:23,9
LH:2
LF:2
end_of_record
SF:AstroFun/src\maneuvercalc_deltavvector.jl
DA:23,129
DA:27,117
DA:29,582
DA:30,582
DA:31,582
DA:32,582
DA:33,582
DA:34,582
DA:35,582
LH:9
LF:9
end_of_record
SF:AstroFun/src\orbitcalc_ecc.jl
DA:20,12
DA:23,288
DA:24,282
DA:26,6
DA:27,6
DA:29,6
DA:30,6
DA:32,6
LH:8
LF:8
end_of_record
SF:AstroFun/src\orbitcalc_inc.jl
DA:17,4
DA:20,10
DA:21,7
DA:23,3
DA:24,3
DA:26,3
DA:27,3
DA:29,3
LH:8
LF:8
end_of_record
SF:AstroFun/src\orbitcalc_orbitstates.jl
DA:22,27
DA:25,108
DA:28,9
DA:29,9
DA:31,9
DA:32,9
DA:34,9
DA:55,12
DA:59,36
DA:61,3
DA:62,3
DA:63,6
DA:65,3
LH:13
LF:13
end_of_record
SF:AstroFun/src\orbitcalc_outgoingrla.jl
DA:21,3
DA:22,9
DA:25,6
DA:27,3
DA:28,3
DA:30,3
DA:31,3
DA:33,3
LH:8
LF:8
end_of_record
SF:AstroFun/src\orbitcalc_pos_dot_vel.jl
DA:17,9
DA:18,4411
DA:21,4408
LH:3
LF:3
end_of_record
SF:AstroFun/src\orbitcalc_positionvector.jl
DA:21,15
DA:22,21
DA:25,30
DA:27,6
DA:28,6
DA:29,6
DA:30,12
DA:32,6
LH:8
LF:8
end_of_record
SF:AstroFun/src\orbitcalc_posmag.jl
DA:20,29
DA:21,2618
DA:24,5230
DA:26,3
DA:27,3
DA:28,3
DA:29,6
DA:31,3
LH:8
LF:8
end_of_record
SF:AstroFun/src\orbitcalc_posx.jl
DA:20,6
DA:21,4035
DA:24,4032
DA:26,3
DA:27,3
DA:28,3
DA:29,3
DA:31,3
LH:8
LF:8
end_of_record
SF:AstroFun/src\orbitcalc_posz.jl
DA:16,5
DA:17,865
DA:20,862
DA:22,3
DA:23,3
DA:24,3
DA:25,3
DA:27,3
LH:8
LF:8
end_of_record
SF:AstroFun/src\orbitcalc_raan.jl
DA:20,6
DA:21,15
DA:24,9
DA:26,3
DA:27,3
DA:29,3
DA:30,3
DA:32,3
LH:8
LF:8
end_of_record
SF:AstroFun/src\orbitcalc_sma.jl
DA:19,4
DA:22,10
DA:23,7
DA:25,3
DA:26,3
DA:28,3
DA:29,3
DA:31,3
LH:8
LF:8
end_of_record
SF:AstroFun/src\orbitcalc_ta.jl
DA:19,9
DA:21,9
DA:23,6
DA:25,3
DA:26,3
DA:28,3
DA:29,3
DA:31,3
LH:8
LF:8
end_of_record
SF:AstroFun/src\orbitcalc_velmag.jl
DA:20,30
DA:21,60
DA:24,114
DA:26,3
DA:27,3
DA:28,3
DA:29,6
DA:31,3
LH:8
LF:8
end_of_record
SF:AstroFun/src\orbitcalc_velocityvector.jl
DA:21,6
DA:22,9
DA:25,12
DA:27,3
DA:28,3
DA:29,3
DA:30,6
DA:32,3
LH:8
LF:8
end_of_record
SF:AstroProp/src\AstroProp.jl
DA:39,3
DA:59,74
DA:65,37
DA:74,37
DA:80,37
DA:81,74
DA:82,37
DA:85,37
DA:87,37
DA:88,37
DA:89,37
DA:90,37
DA:91,37
DA:93,37
DA:94,37
DA:95,0
DA:96,37
DA:97,37
DA:99,0
DA:119,172
DA:122,86
DA:126,344
DA:127,344
DA:128,344
DA:129,344
DA:130,688
DA:131,344
DA:132,344
DA:133,344
DA:136,1110532
DA:137,1110532
DA:138,1110532
DA:139,1110532
DA:140,2221064
DA:142,1110532
DA:143,6663192
DA:144,6663192
DA:145,1110532
DA:146,1110532
DA:147,2221064
DA:148,1110532
DA:149,1110532
DA:150,1110532
DA:153,344
DA:154,344
DA:157,344
DA:158,1994
DA:159,344
DA:160,344
DA:162,358
DA:163,344
DA:164,344
DA:167,344
DA:168,688
DA:170,688
DA:173,688
DA:177,344
DA:178,344
DA:179,344
DA:183,344
DA:187,344
DA:188,688
DA:189,344
DA:192,688
DA:197,344
DA:201,344
DA:202,344
DA:203,344
DA:204,344
DA:206,344
DA:210,1110876
DA:214,344
DA:221,344
DA:223,344
LH:72
LF:74
end_of_record
SF:AstroProp/src\orbit_propagator.jl
DA:12,7
DA:35,14
DA:42,28
DA:46,0
DA:49,14
DA:52,0
DA:56,0
DA:59,11579
DA:60,23158
DA:61,11579
DA:62,11579
DA:67,14
DA:68,0
DA:94,23158
DA:97,11579
DA:98,11579
DA:99,11579
DA:100,11579
DA:101,23158
DA:106,14
DA:107,14
DA:108,14
DA:109,14
DA:110,14
DA:113,14
DA:116,11593
DA:118,23158
DA:120,13871
DA:121,11579
DA:124,28
DA:126,14
DA:127,5
DA:128,9
DA:129,10
DA:131,5
DA:152,28
DA:154,14
DA:155,14
DA:158,37
DA:159,28
DA:163,14
LH:37
LF:41
end_of_record
SF:AstroProp/src\point_mass_gravity.jl
DA:21,43
DA:22,43
DA:23,43
DA:24,40
DA:49,2221118
DA:61,1110559
DA:62,1110559
DA:63,2221118
DA:64,1110559
DA:66,1110559
DA:67,3
DA:71,1110556
DA:72,1110556
DA:73,6
DA:74,12
DA:75,6
DA:79,1110559
DA:82,1110556
DA:83,1348899
DA:84,1348899
DA:85,1348899
DA:86,1348899
DA:87,3
DA:90,1348896
DA:92,1348896
DA:93,6
DA:95,2023344
DA:97,2221106
DA:98,2221106
DA:100,1110553
DA:101,12
DA:104,1110553
DA:107,2221070
DA:109,1110535
DA:110,1110535
DA:114,43
DA:115,43
DA:116,43
DA:117,115
DA:118,118
DA:119,115
DA:120,3
DA:122,112
LH:43
LF:43
end_of_record
SF:AstroProp/src\stop_conditions.jl
DA:10,306
DA:11,222837
DA:12,222531
DA:13,445062
DA:14,445062
DA:15,222531
DA:19,3
DA:20,5316
DA:21,5313
DA:23,5313
DA:32,21
DA:33,21
DA:41,303
DA:42,303
DA:44,606
DA:45,303
DA:46,303
DA:50,303
DA:51,0
DA:52,0
DA:56,303
DA:59,3
DA:60,3
DA:62,6
DA:63,3
DA:64,0
DA:68,6
DA:69,3
DA:70,3
DA:73,3
DA:76,3
DA:77,3
DA:79,6
DA:80,3
DA:81,0
DA:85,6
DA:86,3
DA:87,3
DA:91,3
DA:99,3
DA:100,1962
DA:101,1959
DA:102,1959
DA:103,3918
DA:104,1959
DA:106,3
DA:114,18
DA:115,968259
DA:116,968241
DA:118,18
DA:126,9
LH:47
LF:51
end_of_record
SF:AstroSolve/src\AstroSolve.jl
DA:34,0
DA:35,0
DA:36,0
DA:48,303
DA:55,530
DA:86,294
DA:94,147
DA:95,147
DA:97,1371
DA:100,261
DA:101,261
DA:102,351
DA:103,351
DA:105,147
DA:108,147
DA:113,294
DA:117,3
DA:118,3
DA:119,3
DA:120,3
DA:121,3
DA:122,3
DA:123,3
DA:124,3
DA:125,3
DA:126,3
DA:129,591
DA:131,591
DA:132,3
DA:136,588
DA:137,591
DA:138,585
DA:139,6
DA:141,579
DA:143,585
DA:146,51
DA:148,147
DA:149,51
DA:158,872
DA:159,872
DA:160,872
LH:38
LF:41
end_of_record
SF:AstroSolve/src\sequence.jl
DA:5,31
DA:9,31
DA:10,31
DA:14,25
DA:27,25
DA:28,25
DA:29,25
DA:30,25
DA:31,25
DA:32,25
DA:33,25
DA:34,80
DA:35,46
DA:36,46
DA:37,46
DA:38,80
DA:39,25
DA:40,25
DA:41,25
DA:42,25
DA:43,25
DA:44,25
DA:45,25
DA:53,148
DA:54,148
DA:55,250
DA:56,76
DA:57,76
DA:59,352
DA:60,148
DA:64,25
DA:65,25
DA:66,25
DA:69,25
DA:70,102
DA:71,51
DA:74,25
DA:75,80
DA:76,102
DA:77,51
DA:78,80
DA:79,46
DA:80,46
DA:81,80
DA:83,25
DA:92,148
DA:94,148
DA:95,151
DA:96,31
DA:98,151
DA:99,151
DA:101,148
DA:102,142
DA:106,31
DA:108,31
DA:110,62
DA:111,62
DA:112,173
DA:113,148
DA:114,148
DA:115,346
DA:118,31
DA:119,62
DA:120,173
DA:121,148
DA:122,148
DA:123,346
DA:126,31
DA:127,31
DA:129,198
DA:130,167
DA:131,167
DA:132,167
DA:133,142
DA:134,142
DA:135,139
DA:137,142
DA:138,167
DA:141,31
DA:142,3
DA:145,28
DA:148,28
DA:149,28
DA:150,28
DA:151,28
DA:152,125
DA:153,126
DA:154,117
DA:155,117
DA:157,126
DA:158,125
DA:159,28
DA:162,13
DA:163,13
DA:166,4
DA:167,4
DA:170,31
DA:171,31
DA:174,31
DA:175,31
DA:178,34
DA:179,34
DA:182,3
DA:183,3
DA:186,34
DA:187,34
DA:190,3
DA:191,3
DA:194,3
DA:195,3
DA:198,3
DA:199,3
DA:202,286
DA:203,286
DA:204,286
DA:205,573
DA:206,1146
DA:207,573
DA:208,573
DA:209,573
DA:210,286
DA:213,24
DA:214,48
DA:215,48
DA:216,24
DA:217,48
DA:218,48
DA:219,48
DA:220,48
DA:221,72
DA:222,24
DA:230,283
DA:233,283
DA:236,283
DA:239,283
DA:242,283
DA:243,854
DA:246,854
DA:247,568
DA:248,568
DA:249,568
DA:250,854
DA:253,566
DA:254,283
DA:257,2003
DA:258,2003
DA:259,2003
DA:260,7156
DA:261,7156
DA:263,286
DA:264,572
DA:265,26
DA:267,273
DA:269,8586
DA:270,1716
DA:272,5726
DA:274,8587
DA:275,2003
DA:278,286
DA:279,572
DA:280,859
DA:281,1432
DA:282,286
DA:285,0
DA:286,0
LH:163
LF:165
end_of_record
SF:Epicycle/src\Epicycle.jl
LH:0
LF:0
end_of_record
